mimodpay:2016-09-22 14:06:41
 get::http://sms.106818.com:9885/c123/sendsms?uid=301012&pwd=3fe593b3426be3d210dec3d714542420&mobile=&content=%A1%BE%CE%EF%B3%EF%B0%CD%B0%CD%A1%BF%D1%E9%D6%A4%C2%EB%CE%AA%3A69812
.s=mimodpay:2016-09-22 14:07:06
 get::http://sms.106818.com:9885/c123/sendsms?uid=301012&pwd=3fe593b3426be3d210dec3d714542420&mobile=&content=%A1%BE%CE%EF%B3%EF%B0%CD%B0%CD%A1%BF%D1%E9%D6%A4%C2%EB%CE%AA%3A25792
.s=mimodpay:2016-09-22 14:38:03
 get::http://sms.106818.com:9885/c123/sendsms?uid=301012&pwd=3fe593b3426be3d210dec3d714542420&mobile=&content=%A1%BE%CE%EF%B3%EF%B0%CD%B0%CD%A1%BF%D1%E9%D6%A4%C2%EB%CE%AA%3A46889
.s=108mimodpay:2016-09-22 14:47:07
 get::http://sms.106818.com:9885/c123/sendsms?uid=301012&pwd=3fe593b3426be3d210dec3d714542420&mobile=&content=%A1%BE%CE%EF%B3%EF%B0%CD%B0%CD%A1%BF%D1%E9%D6%A4%C2%EB%CE%AA%3A61251
.s=108mimodpay:2016-09-22 14:50:33
 get::http://sms.106818.com:9885/c123/sendsms?uid=301012&pwd=3fe593b3426be3d210dec3d714542420&mobile=18520072997&content=%A1%BE%CE%EF%B3%EF%B0%CD%B0%CD%A1%BF%D1%E9%D6%A4%C2%EB%CE%AA%3A44664
.s=100mimodpay:2016-09-22 15:03:49
 get::http://sms.106818.com:9885/c123/sendsms?uid=301012&pwd=3fe593b3426be3d210dec3d714542420&mobile=18520072997&content=%A1%BE%CE%EF%B3%EF%B0%CD%B0%CD%A1%BF%D1%E9%D6%A4%C2%EB%CE%AA%3A35317
.s=100mimodpay:2016-09-22 15:09:46
 get::http://sms.106818.com:9885/c123/sendsms?uid=301012&pwd=3fe593b3426be3d210dec3d714542420&mobile=18520072997&content=%A1%BE%CE%EF%B3%EF%B0%CD%B0%CD%A1%BF%D1%E9%D6%A4%C2%EB%CE%AA%3A25721
.s=100mimodpay:2016-09-22 16:07:07
 get::http://sms.106818.com:9885/c123/sendsms?uid=301012&pwd=3fe593b3426be3d210dec3d714542420&mobile=18520072997&content=%A1%BE%CE%EF%B3%EF%B0%CD%B0%CD%A1%BF%D1%E9%D6%A4%C2%EB%CE%AA%3A59400
.s=100mimodpay:2016-09-22 16:28:46
 get::http://sms.106818.com:9885/c123/sendsms?uid=301012&pwd=3fe593b3426be3d210dec3d714542420&mobile=18520072997&content=%A1%BE%CE%EF%B3%EF%B0%CD%B0%CD%A1%BF%D1%E9%D6%A4%C2%EB%CE%AA%3A48196
.s=mimodpay:2016-09-22 16:29:02
 get::http://sms.106818.com:9885/c123/sendsms?uid=301012&pwd=3fe593b3426be3d210dec3d714542420&mobile=18520072997&content=%A1%BE%CE%EF%B3%EF%B0%CD%B0%CD%A1%BF%D1%E9%D6%A4%C2%EB%CE%AA%3A92273
.s=mimodpay:2016-09-22 16:31:15
 get::http://sms.106818.com:9885/c123/sendsms?uid=301012&pwd=3fe593b3426be3d210dec3d714542420&mobile=18520072997&content=%A1%BE%CE%EF%B3%EF%B0%CD%B0%CD%A1%BF%D1%E9%D6%A4%C2%EB%CE%AA%3A86289
.s=mimodpay:2016-09-22 16:42:37
 get::http://sms.106818.com:9885/c123/sendsms?uid=301012&pwd=3fe593b3426be3d210dec3d714542420&mobile=18520072997&content=%A1%BE%CE%EF%B3%EF%B0%CD%B0%CD%A1%BF%D1%E9%D6%A4%C2%EB%CE%AA%3A79414
.s=mimodpay:2016-09-22 16:42:46
 get::http://sms.106818.com:9885/c123/sendsms?uid=301012&pwd=3fe593b3426be3d210dec3d714542420&mobile=&content=%A1%BE%CE%EF%B3%EF%B0%CD%B0%CD%A1%BF%D1%E9%D6%A4%C2%EB%CE%AA%3A26166
.s=108mimodpay:2016-09-22 16:43:22
 get::http://sms.106818.com:9885/c123/sendsms?uid=301012&pwd=3fe593b3426be3d210dec3d714542420&mobile=18520072997&content=%A1%BE%CE%EF%B3%EF%B0%CD%B0%CD%A1%BF%D1%E9%D6%A4%C2%EB%CE%AA%3A76354
.s=mimodpay:2016-09-22 16:50:36
 get::http://sms.106818.com:9885/c123/sendsms?uid=301012&pwd=3fe593b3426be3d210dec3d714542420&mobile=18520072997&content=%A1%BE%CE%EF%B3%EF%B0%CD%B0%CD%A1%BF%D1%E9%D6%A4%C2%EB%CE%AA%3A67823
.s=100mimodpay:2016-09-22 16:57:33
 get::http://sms.106818.com:9885/c123/sendsms?uid=301012&pwd=3fe593b3426be3d210dec3d714542420&mobile=18520072997&content=%A1%BE%CE%EF%B3%EF%B0%CD%B0%CD%A1%BF%D1%E9%D6%A4%C2%EB%CE%AA%3A49487
.s=100