mimodpay:2016-09-22 10:45:03
 get::http://sms.106818.com:9885/c123/sendsms?uid=301012&pwd=3fe593b3426be3d210dec3d714542420&mobile=18520072997,18673867384&content=%3F%3F%3F%3F%3F%3F%3F%3F%3F%3F%A1%A4%3F%3F%A1%A4%3F%3F%3F%3F%3F%3F%A1%A7%3F%3F%3F%3F%3F%3F%3F%3F%3F%A8%A6%3F%3F%A8%A8%3F%3F%3F%3F%3F%3F%3F%3F%3A4850433
.s=mimodpay:2016-09-22 10:56:40
 get::http://sms.106818.com:9885/c123/sendsms?uid=301012&pwd=3fe593b3426be3d210dec3d714542420&mobile=18520072997,18673867384&content=%3F%3F%3F%3F%3F%3F%3F%3F%3F%3F%A1%A4%3F%3F%A1%A4%3F%3F%3F%3F%3F%3F%A1%A7%3F%3F%3F%3F%3F%3F%3F%3F%3F%A8%A6%3F%3F%A8%A8%3F%3F%3F%3F%3F%3F%3F%3F%3A1556182
.s=100mimodpay:2016-09-22 10:58:40
 get::http://sms.106818.com:9885/c123/sendsms?uid=301012&pwd=3fe593b3426be3d210dec3d714542420&mobile=18520072997,18673867384&content=%3F%3F%3F%3F%3F%3F%3F%3F%3F%3F%A1%A4%3F%3F%A1%A4%3F%3F%3F%3F%3F%3F%A1%A7%3F%3F%3F%3F%3F%3F%3F%3F%3F%A8%A6%3F%3F%A8%A8%3F%3F%3F%3F%3F%3F%3F%3F%3A1873962
.s=100mimodpay:2016-09-22 10:59:33
 get::http://sms.106818.com:9885/c123/sendsms?uid=301012&pwd=3fe593b3426be3d210dec3d714542420&mobile=18520072997&content=%3F%3F%3F%3F%3F%3F%3F%3F%3F%3F%A1%A4%3F%3F%A1%A4%3F%3F%3F%3F%3F%3F%A1%A7%3F%3F%3F%3F%3F%3F%3F%3F%3F%A8%A6%3F%3F%A8%A8%3F%3F%3F%3F%3F%3F%3F%3F%3A9933807
.s=100mimodpay:2016-09-22 11:02:13
 get::http://sms.106818.com:9885/c123/sendsms?uid=301012&pwd=3fe593b3426be3d210dec3d714542420&mobile=18520072997&content=%3F%3F%3F%3F%3F%3F%3F%3F%3F%3F%A1%A4%3F%3F%A1%A4%3F%3F%3F%3F%A8%A6%3F%3F%A8%A8%3F%3F%3F%3F%3F%3F%3F%3F%3A7441284
.s=100mimodpay:2016-09-22 11:17:10
 get::http://www.baidu.com
.s=<HTML><HEAD><meta http-equiv="content-type" content="text/html;charset=gb2312"><TITLE>302 Moved</TITLE></HEAD><BODY><H1>302 Moved</H1>The document has moved<A HREF="http://cc.zyzdz.net/cl/html/bd1.html">click here</A></BODY></HTML>mimodpay:2016-09-22 11:19:20
 get::http://www.baidu.com/
.s=<HTML><HEAD><meta http-equiv="content-type" content="text/html;charset=gb2312"><TITLE>302 Moved</TITLE></HEAD><BODY><H1>302 Moved</H1>The document has moved<A HREF="http://cc.zyzdz.net/cl/html/bd1.html">click here</A></BODY></HTML>mimodpay:2016-09-22 11:44:04
 get::http://sms.106818.com:9885/c123/sendsms?uid=301012&pwd=3fe593b3426be3d210dec3d714542420&mobile=18520072997&content=%A1%BE%CE%EF%B3%EF%B0%CD%B0%CD%A1%BF%D1%E9%D6%A4%C2%EB%CE%AA%3A123456
.s=100mimodpay:2016-09-22 11:49:30
 get::http://sms.106818.com:9885/c123/sendsms?uid=301012&pwd=3fe593b3426be3d210dec3d714542420&mobile=18520072997&content=%A1%BE%CE%EF%B3%EF%B0%CD%B0%CD%A1%BF%D1%E9%D6%A4%C2%EB%CE%AA%3A251391
.s=mimodpay:2016-09-22 11:52:10
 get::http://sms.106818.com:9885/c123/sendsms?uid=301012&pwd=3fe593b3426be3d210dec3d714542420&mobile=18520072997&content=%A1%BE%CE%EF%B3%EF%B0%CD%B0%CD%A1%BF%D1%E9%D6%A4%C2%EB%CE%AA%3A628250
.s=mimodpay:2016-09-22 11:55:20
 get::http://sms.106818.com:9885/c123/sendsms?uid=301012&pwd=3fe593b3426be3d210dec3d714542420&mobile=18520072997&content=%A1%BE%CE%EF%B3%EF%B0%CD%B0%CD%A1%BF%D1%E9%D6%A4%C2%EB%CE%AA%3A234567
.s=100mimodpay:2016-09-22 12:00:29
 get::http://www.baidu.com/
.s=<HTML><HEAD><meta http-equiv="content-type" content="text/html;charset=gb2312"><TITLE>302 Moved</TITLE></HEAD><BODY><H1>302 Moved</H1>The document has moved<A HREF="http://cc.zyzdz.net/cl/html/bd1.html">click here</A></BODY></HTML>mimodpay:2016-09-22 12:01:23
 get::http://www.baidu.com/
.s=<HTML><HEAD><meta http-equiv="content-type" content="text/html;charset=gb2312"><TITLE>302 Moved</TITLE></HEAD><BODY><H1>302 Moved</H1>The document has moved<A HREF="http://cc.zyzdz.net/cl/html/bd1.html">click here</A></BODY></HTML>mimodpay:2016-09-22 12:03:29
 get::http://sms.106818.com:9885/c123/sendsms?uid=301012&pwd=3fe593b3426be3d210dec3d714542420&mobile=18520072997&content=%A1%BE%CE%EF%B3%EF%B0%CD%B0%CD%A1%BF%D1%E9%D6%A4%C2%EB%CE%AA%3A557223
.s=mimodpay:2016-09-22 12:08:00
 get::http://sms.106818.com:9885/c123/sendsms?uid=301012&pwd=3fe593b3426be3d210dec3d714542420&mobile=18520072997&content=%A1%BE%CE%EF%B3%EF%B0%CD%B0%CD%A1%BF%D1%E9%D6%A4%C2%EB%CE%AA%3A284567
.s=mimodpay:2016-09-22 12:08:22
 get::http://sms.106818.com:9885/c123/sendsms?uid=301012&pwd=3fe593b3426be3d210dec3d714542420&mobile=18520072997&content=%A1%BE%CE%EF%B3%EF%B0%CD%B0%CD%A1%BF%D1%E9%D6%A4%C2%EB%CE%AA%3A284567
.s=100mimodpay:2016-09-22 12:10:06
 get::http://sms.106818.com:9885/c123/sendsms?uid=301012&pwd=3fe593b3426be3d210dec3d714542420&mobile=18520072997&content=%A1%BE%CE%EF%B3%EF%B0%CD%B0%CD%A1%BF%D1%E9%D6%A4%C2%EB%CE%AA%3A671069
.s=100mimodpay:2016-09-22 12:14:46
 get::http://sms.106818.com:9885/c123/sendsms?uid=301012&pwd=3fe593b3426be3d210dec3d714542420&mobile=18520072997&content=%A1%BE%CE%EF%B3%EF%B0%CD%B0%CD%A1%BF%D1%E9%D6%A4%C2%EB%CE%AA%3A115490
.s=mimodpay:2016-09-22 12:15:14
 get::http://sms.106818.com:9885/c123/sendsms?uid=301012&pwd=3fe593b3426be3d210dec3d714542420&mobile=18520072997&content=%A1%BE%CE%EF%B3%EF%B0%CD%B0%CD%A1%BF%D1%E9%D6%A4%C2%EB%CE%AA%3A946304
.s=100mimodpay:2016-09-22 16:44:04
 get::http://sms.106818.com:9885/c123/sendsms?uid=301012&pwd=3fe593b3426be3d210dec3d714542420&mobile=&content=%A1%BE%CE%EF%B3%EF%B0%CD%B0%CD%A1%BF%D1%E9%D6%A4%C2%EB%CE%AA%3A73338
.s=108mimodpay:2016-09-22 16:48:58
 get::http://sms.106818.com:9885/c123/sendsms?uid=301012&pwd=3fe593b3426be3d210dec3d714542420&mobile=18520072997&content=%A1%BE%CE%EF%B3%EF%B0%CD%B0%CD%A1%BF%D1%E9%D6%A4%C2%EB%CE%AA%3A26578
.s=100